# JRE version: OpenJDK Runtime Environment Zulu20.32+11-CA (20.0.2+9) (build 20.0.2+9)
# Java VM: OpenJDK 64-Bit Server VM Zulu20.32+11-CA (20.0.2+9, mixed mode, sharing, tiered, compressed oops, compressed class ptrs, g1 gc, windows-amd64)
GC Precious Log:
 CardTable entry size: 512
 Card Set container configuration: InlinePtr #cards 4 size 8 Array Of Cards #cards 16 size 48 Howl #buckets 8 coarsen threshold 3686 Howl Bitmap #cards 512 size 80 coarsen threshold 460 Card regions per heap region 1 cards per card region 4096
 CPUs: 8 total, 8 available
 Memory: 12094M
 Large Page Support: Disabled
 NUMA Support: Disabled
 Compressed Oops: Enabled (Zero based)
 Heap Region Size: 2M
 Heap Min Capacity: 8M
 Heap Initial Capacity: 8M
 Heap Max Capacity: 3024M
 Pre-touch: Disabled
 Parallel Workers: 8
 Concurrent Workers: 2
 Concurrent Refinement Workers: 8
 Periodic GC: Disabled
Heap:
 garbage-first heap   total 30720K, used 10367K [0x0000000743000000, 0x0000000800000000)
  region size 2048K, 2 young (4096K), 1 survivors (2048K)
 Metaspace       used 9766K, committed 9920K, reserved 1114112K
  class space    used 1135K, committed 1216K, reserved 1048576K
GC Heap History (20 events):
Event: 0.480 GC heap before
{Heap before GC invocations=0 (full 0):
 garbage-first heap   total 8192K, used 2048K [0x0000000743000000, 0x0000000800000000)
  region size 2048K, 1 young (2048K), 0 survivors (0K)
 Metaspace       used 1119K, committed 1216K, reserved 1114112K
  class space    used 123K, committed 192K, reserved 1048576K
}
Event: 0.490 GC heap after
{Heap after GC invocations=1 (full 0):
 garbage-first heap   total 8192K, used 1040K [0x0000000743000000, 0x0000000800000000)
  region size 2048K, 1 young (2048K), 1 survivors (2048K)
 Metaspace       used 1119K, committed 1216K, reserved 1114112K
  class space    used 123K, committed 192K, reserved 1048576K
}
Event: 0.853 GC heap before
{Heap before GC invocations=1 (full 0):
 garbage-first heap   total 8192K, used 1040K [0x0000000743000000, 0x0000000800000000)
  region size 2048K, 2 young (4096K), 1 survivors (2048K)
 Metaspace       used 3072K, committed 3264K, reserved 1114112K
  class space    used 387K, committed 512K, reserved 1048576K
}
Event: 0.858 GC heap after
{Heap after GC invocations=2 (full 0):
 garbage-first heap   total 8192K, used 1479K [0x0000000743000000, 0x0000000800000000)
  region size 2048K, 1 young (2048K), 1 survivors (2048K)
 Metaspace       used 3072K, committed 3264K, reserved 1114112K
  class space    used 387K, committed 512K, reserved 1048576K
}
Event: 1.277 GC heap before
{Heap before GC invocations=2 (full 0):
 garbage-first heap   total 8192K, used 1479K [0x0000000743000000, 0x0000000800000000)
  region size 2048K, 2 young (4096K), 1 survivors (2048K)
 Metaspace       used 6898K, committed 7104K, reserved 1114112K
  class space    used 810K, committed 896K, reserved 1048576K
}
Event: 1.287 GC heap after
{Heap after GC invocations=3 (full 0):
 garbage-first heap   total 8192K, used 2505K [0x0000000743000000, 0x0000000800000000)
  region size 2048K, 1 young (2048K), 1 survivors (2048K)
 Metaspace       used 6898K, committed 7104K, reserved 1114112K
  class space    used 810K, committed 896K, reserved 1048576K
}
Event: 1.648 GC heap before
{Heap before GC invocations=3 (full 0):
 garbage-first heap   total 8192K, used 4553K [0x0000000743000000, 0x0000000800000000)
  region size 2048K, 2 young (4096K), 1 survivors (2048K)
 Metaspace       used 8066K, committed 8256K, reserved 1114112K
  class space    used 912K, committed 1024K, reserved 1048576K
}
Event: 1.659 GC heap after
{Heap after GC invocations=4 (full 0):
 garbage-first heap   total 8192K, used 3329K [0x0000000743000000, 0x0000000800000000)
  region size 2048K, 1 young (2048K), 1 survivors (2048K)
 Metaspace       used 8066K, committed 8256K, reserved 1114112K
  class space    used 912K, committed 1024K, reserved 1048576K
}
Event: 1.807 GC heap before
{Heap before GC invocations=4 (full 0):
 garbage-first heap   total 8192K, used 5377K [0x0000000743000000, 0x0000000800000000)
  region size 2048K, 2 young (4096K), 1 survivors (2048K)
 Metaspace       used 8576K, committed 8704K, reserved 1114112K
  class space    used 975K, committed 1024K, reserved 1048576K
}
Event: 1.814 GC heap after
{Heap after GC invocations=5 (full 0):
 garbage-first heap   total 12288K, used 4527K [0x0000000743000000, 0x0000000800000000)
  region size 2048K, 1 young (2048K), 1 survivors (2048K)
 Metaspace       used 8576K, committed 8704K, reserved 1114112K
  class space    used 975K, committed 1024K, reserved 1048576K
}
Event: 1.874 GC heap before
{Heap before GC invocations=5 (full 0):
 garbage-first heap   total 12288K, used 6575K [0x0000000743000000, 0x0000000800000000)
  region size 2048K, 2 young (4096K), 1 survivors (2048K)
 Metaspace       used 8661K, committed 8768K, reserved 1114112K
  class space    used 976K, committed 1024K, reserved 1048576K
}
Event: 1.881 GC heap after
{Heap after GC invocations=6 (full 0):
 garbage-first heap   total 12288K, used 5456K [0x0000000743000000, 0x0000000800000000)
  region size 2048K, 1 young (2048K), 1 survivors (2048K)
 Metaspace       used 8661K, committed 8768K, reserved 1114112K
  class space    used 976K, committed 1024K, reserved 1048576K
}
Event: 1.962 GC heap before
{Heap before GC invocations=6 (full 0):
 garbage-first heap   total 12288K, used 7504K [0x0000000743000000, 0x0000000800000000)
  region size 2048K, 2 young (4096K), 1 survivors (2048K)
 Metaspace       used 8797K, committed 8960K, reserved 1114112K
  class space    used 996K, committed 1088K, reserved 1048576K
}
Event: 1.969 GC heap after
{Heap after GC invocations=7 (full 0):
 garbage-first heap   total 12288K, used 5539K [0x0000000743000000, 0x0000000800000000)
  region size 2048K, 1 young (2048K), 1 survivors (2048K)
 Metaspace       used 8797K, committed 8960K, reserved 1114112K
  class space    used 996K, committed 1088K, reserved 1048576K
}
Event: 2.038 GC heap before
{Heap before GC invocations=8 (full 0):
 garbage-first heap   total 18432K, used 7587K [0x0000000743000000, 0x0000000800000000)
  region size 2048K, 2 young (4096K), 1 survivors (2048K)
 Metaspace       used 8843K, committed 9024K, reserved 1114112K
  class space    used 997K, committed 1088K, reserved 1048576K
}
Event: 2.041 GC heap after
{Heap after GC invocations=9 (full 0):
 garbage-first heap   total 18432K, used 5802K [0x0000000743000000, 0x0000000800000000)
  region size 2048K, 1 young (2048K), 1 survivors (2048K)
 Metaspace       used 8843K, committed 9024K, reserved 1114112K
  class space    used 997K, committed 1088K, reserved 1048576K
}
Event: 2.095 GC heap before
{Heap before GC invocations=9 (full 0):
 garbage-first heap   total 18432K, used 9898K [0x0000000743000000, 0x0000000800000000)
  region size 2048K, 3 young (6144K), 1 survivors (2048K)
 Metaspace       used 8905K, committed 9088K, reserved 1114112K
  class space    used 1006K, committed 1088K, reserved 1048576K
}
Event: 2.103 GC heap after
{Heap after GC invocations=10 (full 0):
 garbage-first heap   total 30720K, used 6303K [0x0000000743000000, 0x0000000800000000)
  region size 2048K, 1 young (2048K), 1 survivors (2048K)
 Metaspace       used 8905K, committed 9088K, reserved 1114112K
  class space    used 1006K, committed 1088K, reserved 1048576K
}
Event: 2.294 GC heap before
{Heap before GC invocations=10 (full 0):
 garbage-first heap   total 30720K, used 18591K [0x0000000743000000, 0x0000000800000000)
  region size 2048K, 7 young (14336K), 1 survivors (2048K)
 Metaspace       used 9127K, committed 9280K, reserved 1114112K
  class space    used 1034K, committed 1088K, reserved 1048576K
}
Event: 2.303 GC heap after
{Heap after GC invocations=11 (full 0):
 garbage-first heap   total 30720K, used 8429K [0x0000000743000000, 0x0000000800000000)
  region size 2048K, 1 young (2048K), 1 survivors (2048K)
 Metaspace       used 9127K, committed 9280K, reserved 1114112K
  class space    used 1034K, committed 1088K, reserved 1048576K
}

